Drill Listing
=============
Drill: .00787  Tool: 1  Feed: 0  Speed: 0
X 123622  Y 111811
X 119685  Y 111811
X 115748  Y 111811
X 127559  Y 111811
X 119685  Y 115748
X 115748  Y 115748
X 119685  Y 119685
X 115748  Y 119685
X 127362  Y 133464
X 120866  Y 135039
X 113385  Y 135236
X 109448  Y 135236
X 112795  Y 182677
X 108858  Y 182677
X 115748  Y 182677
X 125590  Y 182677
X 124015  Y 236220
X 111811  Y 245669
X 107874  Y 245669
X 103937  Y 245669
X 125984  Y 248425
X 107874  Y 249606
X 111811  Y 249606
X 103937  Y 249606
X 111811  Y 253543
X 103937  Y 253543
X 111811  Y 277165
X 103937  Y 277165
X 125984  Y 278346
X 103937  Y 281102
X 107874  Y 281102
X 111811  Y 281102
X 107874  Y 285039
X 103937  Y 285039
X 111811  Y 285039
X 143307  Y 292913
X 151181  Y 292913
X 147244  Y 292913
X 143307  Y 288976
X 147244  Y 288976
X 151181  Y 288976
X 140551  Y 236220
X 148425  Y 227559
X 129921  Y 217322
X 151181  Y 201181
X 153543  Y 188582
X 142322  Y 182677
X 131496  Y 166929
X 135433  Y 166929
X 143307  Y 159055
X 139370  Y 159055
X 135433  Y 159055
X 131496  Y 159055
X 135433  Y 151181
X 143307  Y 151181
X 139370  Y 151181
X 131496  Y 151181
X 144488  Y 135039
X 141535  Y 135039
X 138188  Y 135039
X 130511  Y 133464
X 131496  Y 111811
X 135433  Y 111811
X 131496  Y 107874
X 135433  Y 107874
X 135433  Y 103937
X 131496  Y 103937
X 175590  Y 162598
X 177165  Y 171653
X 169291  Y 180314
X 156299  Y 181102
X 161811  Y 182283
X 166141  Y 183267
X 171653  Y 186023
X 161811  Y 195669
X 156299  Y 201968
X 174606  Y 235433
X 174606  Y 241929
X 172440  Y 247047
X 170866  Y 256889
X 155118  Y 288976
X 155118  Y 292913
X 202362  Y 207086
X 187992  Y 206692
X 194094  Y 206692
X 198425  Y 186023
X 196653  Y 175000
X 200393  Y 165354
X 203346  Y 131692
X 198425  Y 123622
X 202362  Y 123622
X 198425  Y 119685
X 202362  Y 119685
X 194685  Y 110039
X 206299  Y 119685
X 210236  Y 119685
X 214173  Y 119685
X 218110  Y 119685
X 222047  Y 119685
X 222047  Y 123622
X 214173  Y 123622
X 218110  Y 123622
X 206299  Y 123622
X 210236  Y 123622
X 227165  Y 207874
X 218110  Y 257480
X 214173  Y 257480
X 222047  Y 257480
X 210236  Y 257480
X 206299  Y 257480
X 218110  Y 265354
X 214173  Y 265354
X 206299  Y 265354
X 210236  Y 265354
X 222047  Y 265354
X 251968  Y 241929
X 253149  Y 226968
X 235433  Y 208661
X 243700  Y 207086
X 236220  Y 191732
X 250787  Y 183267
X 236220  Y 174803
X 253346  Y 170866
X 268110  Y 107874
X 277755  Y 149606
X 278740  Y 156496
X 260629  Y 177952
X 263779  Y 180314
X 254330  Y 188582
X 262992  Y 200787
X 257480  Y 201968
X 257874  Y 208267
X 260629  Y 212007
X 265354  Y 213385
X 254330  Y 216929
X 260433  Y 222047
X 270866  Y 226771
X 267322  Y 229330
X 265354  Y 237401
X 260433  Y 241338
X 261220  Y 245472
X 255708  Y 249606
X 257874  Y 253543
X 257677  Y 259251
X 255118  Y 266338
X 257677  Y 272047
X 274803  Y 279527
X 265354  Y 281102
X 270866  Y 285826
X 265354  Y 288976
X 261417  Y 288976
X 261417  Y 292913
X 269291  Y 292913
X 265354  Y 292913
X 274803  Y 293700
X 281102  Y 285039
X 292913  Y 285039
X 288976  Y 285039
X 285039  Y 285039
X 281102  Y 281102
X 292913  Y 281102
X 285039  Y 281102
X 288976  Y 281102
X 298425  Y 257874
X 295275  Y 249606
X 298425  Y 242913
X 295275  Y 240157
X 280314  Y 179527
X 281889  Y 171850
X 283464  Y 152755
X 281496  Y 146456
X 284645  Y 129133
X 315748  Y 116535
X 321259  Y 127952
X 305905  Y 140354
X 308464  Y 155118
X 308464  Y 160433
X 312992  Y 161811
X 306496  Y 183070
X 312992  Y 185433
X 328346  Y 186614
X 318110  Y 198425
X 317716  Y 206299
X 321653  Y 253543
X 318110  Y 257874
X 318503  Y 266535
X 323622  Y 273622
X 304724  Y 273622
X 330314  Y 261811
X 330314  Y 254724
X 333661  Y 240157
X 340944  Y 239566
X 333661  Y 235826
X 329330  Y 230905
X 332874  Y 226968
X 336220  Y 223622
X 342125  Y 223425
X 344094  Y 202362
X 340157  Y 186614
X 332283  Y 186614
X 336220  Y 186614
X 344094  Y 186614
X 344094  Y 182677
X 336220  Y 182677
X 340157  Y 182677
X 336023  Y 156102
X 337795  Y 142125
X 329527  Y 128149
X 354133  Y 116535
X 372834  Y 118503
X 355511  Y 133858
X 359448  Y 192519
X 375590  Y 214173
X 375590  Y 218110
X 359055  Y 222834
X 375590  Y 253543
X 375590  Y 257480
X 365748  Y 258661
X 359055  Y 271653
X 364566  Y 287795
X 359055  Y 293700
X 379527  Y 257480
X 391338  Y 257480
X 387401  Y 257480
X 383464  Y 257480
X 379527  Y 253543
X 383464  Y 253543
X 387401  Y 253543
X 391338  Y 253543
X 387401  Y 218110
X 383464  Y 218110
X 379527  Y 218110
X 391338  Y 218110
X 387401  Y 214173
X 391338  Y 214173
X 383464  Y 214173
X 379527  Y 214173
X 388582  Y 155118
X 388582  Y 146456
X 389173  Y 118503
X 411023  Y 103937
X 407086  Y 103937
X 407086  Y 107874
X 411023  Y 107874
X 406299  Y 136614

Drill: .01181  Tool: 2  Feed: 95  Speed: 300
X 153346  Y 107874
X 183070  Y 124015
X 185826  Y 191732
X 148818  Y 260236
X 285039  Y 274409
X 285039  Y 266141
X 250787  Y 195669
X 209251  Y 108464
X 312204  Y 111023
X 340354  Y 122834
X 340944  Y 158661
X 334251  Y 192913
X 342913  Y 241929
X 354330  Y 240944
X 354330  Y 226771
X 370078  Y 136614
X 382283  Y 136614
X 386220  Y 122834
X 409842  Y 122440
X 407480  Y 168897
X 407480  Y 177165
X 407480  Y 185433
X 407480  Y 198031
X 407480  Y 206299
X 407480  Y 235433
X 407480  Y 243700
X 407480  Y 267322
X 407480  Y 275590

Drill: .01575  Tool: 3  Feed: 95  Speed: 300
X 112598  Y 212204
X 106102  Y 212204
X 106102  Y 216535
X 116535  Y 230708
X 173818  Y 266929
X 188188  Y 265748
X 188188  Y 261811
X 189763  Y 154724
X 189763  Y 150196
X 193897  Y 150196
X 197047  Y 141732
X 192519  Y 141732
X 160236  Y 131496
X 182874  Y 116732
X 250000  Y 104527
X 227559  Y 116732
X 227559  Y 124409
X 227559  Y 130314
X 244881  Y 147637
X 240354  Y 147637
X 236220  Y 166141
X 244685  Y 170078
X 236220  Y 170669
X 227559  Y 242716
X 222637  Y 242716
X 286614  Y 116338
X 347834  Y 111811
X 322637  Y 111614
X 372834  Y 127165
X 372834  Y 132086
X 377362  Y 154724
X 372834  Y 154724
X 383070  Y 184645
X 383070  Y 188976
X 387992  Y 188976
X 387992  Y 193503
X 390157  Y 231889

Drill: .01969  Tool: 4  Feed: 95  Speed: 300
X 407086  Y 148031
X 407086  Y 152952

Drill: .02953  Tool: 5  Feed: 197  Speed: 550
X 155118  Y 102460
X 155118  Y 113287
X 210236  Y 113287
X 265354  Y 113287
X 210236  Y 102460
X 265354  Y 102460

End of Listing
